0 info it worked if it ends with ok
1 verbose cli [ '/home/panni/progik/node-v5.0.0-linux-x64/bin/node',
1 verbose cli   '/usr/bin/npm',
1 verbose cli   'start',
1 verbose cli   'tsc' ]
2 info using npm@3.3.6
3 info using node@v5.0.0
4 verbose run-script [ 'prestart', 'start', 'poststart' ]
5 info lifecycle angular2-superhero-demo@1.0.0~prestart: angular2-superhero-demo@1.0.0
6 silly lifecycle angular2-superhero-demo@1.0.0~prestart: no script for prestart, continuing
7 info lifecycle angular2-superhero-demo@1.0.0~start: angular2-superhero-demo@1.0.0
8 verbose lifecycle angular2-superhero-demo@1.0.0~start: unsafe-perm in lifecycle true
9 verbose lifecycle angular2-superhero-demo@1.0.0~start: PATH: /home/panni/progik/node-v5.0.0-linux-x64/lib/node_modules/npm/bin/node-gyp-bin:/home/panni/Code/Github/angular2-superhero-demo/node_modules/.bin:/usr/local/sbin:/usr/local/bin:/usr/sbin:/usr/bin:/sbin:/bin:/usr/games:/usr/local/games:/usr/share/rvm/bin:/home/panni/progik/node-v5.0.0-linux-x64/bin
10 verbose lifecycle angular2-superhero-demo@1.0.0~start: CWD: /home/panni/Code/Github/angular2-superhero-demo
11 silly lifecycle angular2-superhero-demo@1.0.0~start: Args: [ '-c', 'live-server "tsc"' ]
12 silly lifecycle angular2-superhero-demo@1.0.0~start: Returned: code: 1  signal: null
13 info lifecycle angular2-superhero-demo@1.0.0~start: Failed to exec start script
14 verbose stack Error: angular2-superhero-demo@1.0.0 start: `live-server "tsc"`
14 verbose stack Exit status 1
14 verbose stack     at EventEmitter.<anonymous> (/home/panni/progik/node-v5.0.0-linux-x64/lib/node_modules/npm/lib/utils/lifecycle.js:233:16)
14 verbose stack     at emitTwo (events.js:87:13)
14 verbose stack     at EventEmitter.emit (events.js:172:7)
14 verbose stack     at ChildProcess.<anonymous> (/home/panni/progik/node-v5.0.0-linux-x64/lib/node_modules/npm/lib/utils/spawn.js:24:14)
14 verbose stack     at emitTwo (events.js:87:13)
14 verbose stack     at ChildProcess.emit (events.js:172:7)
14 verbose stack     at maybeClose (internal/child_process.js:818:16)
14 verbose stack     at Process.ChildProcess._handle.onexit (internal/child_process.js:211:5)
15 verbose pkgid angular2-superhero-demo@1.0.0
16 verbose cwd /home/panni/Code/Github/angular2-superhero-demo
17 error Linux 3.16.0-38-generic
18 error argv "/home/panni/progik/node-v5.0.0-linux-x64/bin/node" "/usr/bin/npm" "start" "tsc"
19 error node v5.0.0
20 error npm  v3.3.6
21 error code ELIFECYCLE
22 error angular2-superhero-demo@1.0.0 start: `live-server "tsc"`
22 error Exit status 1
23 error Failed at the angular2-superhero-demo@1.0.0 start script 'live-server "tsc"'.
23 error This is most likely a problem with the angular2-superhero-demo package,
23 error not with npm itself.
23 error Tell the author that this fails on your system:
23 error     live-server "tsc"
23 error You can get their info via:
23 error     npm owner ls angular2-superhero-demo
23 error There is likely additional logging output above.
24 verbose exit [ 1, true ]
